
============================================================
[2026-03-25 18:20:44]
Traceback (most recent call last):
  File "D:\PYTHONALL\自己随便搞搞\桌面待办\桌面待办2.0\src\ui\system_tray.py", line 69, in _on_activated
    def _on_activated(self, reason):
    
KeyboardInterrupt


============================================================
[2026-03-25 19:17:38]
Traceback (most recent call last):
  File "D:\PYTHONALL\自己随便搞搞\桌面待办\桌面待办2.0\src\ui\main_window.py", line 1112, in eventFilter
    def eventFilter(self, obj, event):
    
KeyboardInterrupt


============================================================
[2026-03-25 20:08:03]
Traceback (most recent call last):
  File "D:\PYTHONALL\自己随便搞搞\桌面待办\桌面待办2.0\src\ui\main_window.py", line 1112, in eventFilter
    if edge in ("top_right", "bottom_left"):
    
KeyboardInterrupt


============================================================
[2026-03-25 22:47:56]
Traceback (most recent call last):
  File "D:\PYTHONALL\自己随便搞搞\桌面待办\桌面待办2.0\src\ui\main_window.py", line 1166, in eventFilter
    else:
    
KeyboardInterrupt


============================================================
[2026-03-26 11:20:30]
Traceback (most recent call last):
  File "D:\PYTHONALL\自己随便搞搞\桌面待办\桌面待办1.5（1.0加强版）\src\ui\main_window.py", line 1218, in eventFilter
    def eventFilter(self, obj, event):
    
KeyboardInterrupt


============================================================
[2026-03-27 10:33:51]
Traceback (most recent call last):
  File "D:\PYTHONALL\自己随便搞搞\桌面待办\桌面待办2.0\src\ui\main_window.py", line 1349, in eventFilter
    def eventFilter(self, obj, event):
    
KeyboardInterrupt


============================================================
[2026-03-27 14:11:26]
Traceback (most recent call last):
  File "D:\PYTHONALL\自己随便搞搞\桌面待办\桌面待办2.0\src\ui\note_panel.py", line 476, in _on_content_changed
    self._update_current_btn()
  File "D:\PYTHONALL\自己随便搞搞\桌面待办\桌面待办2.0\src\ui\note_panel.py", line 267, in _update_current_btn
    self.current_btn.setText("▲  新便签")
    ^^^^^^^^^^^^^^^^
AttributeError: 'NotePanel' object has no attribute 'current_btn'. Did you mean: '_current_note'?


============================================================
[2026-03-27 16:42:41]
Traceback (most recent call last):
  File "D:\PYTHONALL\自己随便搞搞\桌面待办\桌面待办2.0\src\ui\note_panel.py", line 513, in _on_content_changed
    self._update_current_btn()
  File "D:\PYTHONALL\自己随便搞搞\桌面待办\桌面待办2.0\src\ui\note_panel.py", line 285, in _update_current_btn
    self.current_btn.setText("▲  新便签")
    ^^^^^^^^^^^^^^^^
AttributeError: 'NotePanel' object has no attribute 'current_btn'. Did you mean: '_current_note'?


============================================================
[2026-03-27 16:51:49]
Traceback (most recent call last):
  File "D:\PYTHONALL\自己随便搞搞\桌面待办\桌面待办2.0\src\ui\note_panel.py", line 515, in _on_content_changed
    self._update_current_btn()
  File "D:\PYTHONALL\自己随便搞搞\桌面待办\桌面待办2.0\src\ui\note_panel.py", line 285, in _update_current_btn
    self.current_btn.setText("▲  新便签")
    ^^^^^^^^^^^^^^^^
AttributeError: 'NotePanel' object has no attribute 'current_btn'. Did you mean: '_current_note'?


============================================================
[2026-03-27 17:26:20]
Traceback (most recent call last):
  File "D:\PYTHONALL\自己随便搞搞\桌面待办\桌面待办2.0\src\ui\note_panel.py", line 572, in _on_content_changed
    self._update_current_btn()
  File "D:\PYTHONALL\自己随便搞搞\桌面待办\桌面待办2.0\src\ui\note_panel.py", line 335, in _update_current_btn
    self.current_btn.setText("▲  新便签")
    ^^^^^^^^^^^^^^^^
AttributeError: 'NotePanel' object has no attribute 'current_btn'. Did you mean: '_current_note'?


============================================================
[2026-03-27 17:26:21]
Traceback (most recent call last):
  File "D:\PYTHONALL\自己随便搞搞\桌面待办\桌面待办2.0\main.py", line 102, in <module>
    main()
  File "D:\PYTHONALL\自己随便搞搞\桌面待办\桌面待办2.0\main.py", line 83, in main
    window = MainWindow()
             ^^^^^^^^^^^^
  File "D:\PYTHONALL\自己随便搞搞\桌面待办\桌面待办2.0\src\ui\main_window.py", line 96, in __init__
    self._apply_theme()
  File "D:\PYTHONALL\自己随便搞搞\桌面待办\桌面待办2.0\src\ui\main_window.py", line 502, in _apply_theme
    qss = build_stylesheet(self.current_theme, self._bg_opacity, self._font_size)
          ^^^^^^^^^^^^^^^^^^^^^^^^^^^^^^^^^^^^^^^^^^^^^^^^^^^^^^^^^^^^^^^^^^^^^^^
  File "D:\PYTHONALL\自己随便搞搞\桌面待办\桌面待办2.0\src\ui\styles\themes.py", line 1006, in build_stylesheet
    background-color: {hex_to_rgba(theme.accent_color, 0.3)};
                                   ^^^^^^^^^^^^^^^^^^
AttributeError: 'Theme' object has no attribute 'accent_color'. Did you mean: 'text_color'?


============================================================
[2026-03-27 17:26:35]
Traceback (most recent call last):
  File "D:\PYTHONALL\自己随便搞搞\桌面待办\桌面待办2.0\src\ui\note_panel.py", line 572, in _on_content_changed
    self._update_current_btn()
  File "D:\PYTHONALL\自己随便搞搞\桌面待办\桌面待办2.0\src\ui\note_panel.py", line 335, in _update_current_btn
    self.current_btn.setText("▲  新便签")
    ^^^^^^^^^^^^^^^^
AttributeError: 'NotePanel' object has no attribute 'current_btn'. Did you mean: '_current_note'?


============================================================
[2026-03-27 17:26:36]
Traceback (most recent call last):
  File "D:\PYTHONALL\自己随便搞搞\桌面待办\桌面待办2.0\main.py", line 102, in <module>
    main()
  File "D:\PYTHONALL\自己随便搞搞\桌面待办\桌面待办2.0\main.py", line 83, in main
    window = MainWindow()
             ^^^^^^^^^^^^
  File "D:\PYTHONALL\自己随便搞搞\桌面待办\桌面待办2.0\src\ui\main_window.py", line 96, in __init__
    self._apply_theme()
  File "D:\PYTHONALL\自己随便搞搞\桌面待办\桌面待办2.0\src\ui\main_window.py", line 502, in _apply_theme
    qss = build_stylesheet(self.current_theme, self._bg_opacity, self._font_size)
          ^^^^^^^^^^^^^^^^^^^^^^^^^^^^^^^^^^^^^^^^^^^^^^^^^^^^^^^^^^^^^^^^^^^^^^^
  File "D:\PYTHONALL\自己随便搞搞\桌面待办\桌面待办2.0\src\ui\styles\themes.py", line 1006, in build_stylesheet
    background-color: {hex_to_rgba(theme.accent_color, 0.3)};
                                   ^^^^^^^^^^^^^^^^^^
AttributeError: 'Theme' object has no attribute 'accent_color'. Did you mean: 'text_color'?


============================================================
[2026-03-27 17:26:58]
Traceback (most recent call last):
  File "D:\PYTHONALL\自己随便搞搞\桌面待办\桌面待办2.0\src\ui\note_panel.py", line 572, in _on_content_changed
    self._update_current_btn()
  File "D:\PYTHONALL\自己随便搞搞\桌面待办\桌面待办2.0\src\ui\note_panel.py", line 335, in _update_current_btn
    self.current_btn.setText("▲  新便签")
    ^^^^^^^^^^^^^^^^
AttributeError: 'NotePanel' object has no attribute 'current_btn'. Did you mean: '_current_note'?


============================================================
[2026-03-27 17:27:01]
Traceback (most recent call last):
  File "D:\PYTHONALL\自己随便搞搞\桌面待办\桌面待办2.0\main.py", line 102, in <module>
    main()
  File "D:\PYTHONALL\自己随便搞搞\桌面待办\桌面待办2.0\main.py", line 83, in main
    window = MainWindow()
             ^^^^^^^^^^^^
  File "D:\PYTHONALL\自己随便搞搞\桌面待办\桌面待办2.0\src\ui\main_window.py", line 96, in __init__
    self._apply_theme()
  File "D:\PYTHONALL\自己随便搞搞\桌面待办\桌面待办2.0\src\ui\main_window.py", line 502, in _apply_theme
    qss = build_stylesheet(self.current_theme, self._bg_opacity, self._font_size)
          ^^^^^^^^^^^^^^^^^^^^^^^^^^^^^^^^^^^^^^^^^^^^^^^^^^^^^^^^^^^^^^^^^^^^^^^
  File "D:\PYTHONALL\自己随便搞搞\桌面待办\桌面待办2.0\src\ui\styles\themes.py", line 1006, in build_stylesheet
    background-color: {hex_to_rgba(theme.accent_color, 0.3)};
                                   ^^^^^^^^^^^^^^^^^^
AttributeError: 'Theme' object has no attribute 'accent_color'. Did you mean: 'text_color'?


============================================================
[2026-03-27 17:27:06]
Traceback (most recent call last):
  File "D:\PYTHONALL\自己随便搞搞\桌面待办\桌面待办2.0\src\ui\note_panel.py", line 572, in _on_content_changed
    self._update_current_btn()
  File "D:\PYTHONALL\自己随便搞搞\桌面待办\桌面待办2.0\src\ui\note_panel.py", line 335, in _update_current_btn
    self.current_btn.setText("▲  新便签")
    ^^^^^^^^^^^^^^^^
AttributeError: 'NotePanel' object has no attribute 'current_btn'. Did you mean: '_current_note'?


============================================================
[2026-03-27 17:27:09]
Traceback (most recent call last):
  File "D:\PYTHONALL\自己随便搞搞\桌面待办\桌面待办2.0\main.py", line 102, in <module>
    main()
  File "D:\PYTHONALL\自己随便搞搞\桌面待办\桌面待办2.0\main.py", line 83, in main
    window = MainWindow()
             ^^^^^^^^^^^^
  File "D:\PYTHONALL\自己随便搞搞\桌面待办\桌面待办2.0\src\ui\main_window.py", line 96, in __init__
    self._apply_theme()
  File "D:\PYTHONALL\自己随便搞搞\桌面待办\桌面待办2.0\src\ui\main_window.py", line 502, in _apply_theme
    qss = build_stylesheet(self.current_theme, self._bg_opacity, self._font_size)
          ^^^^^^^^^^^^^^^^^^^^^^^^^^^^^^^^^^^^^^^^^^^^^^^^^^^^^^^^^^^^^^^^^^^^^^^
  File "D:\PYTHONALL\自己随便搞搞\桌面待办\桌面待办2.0\src\ui\styles\themes.py", line 1006, in build_stylesheet
    background-color: {hex_to_rgba(theme.accent_color, 0.3)};
                                   ^^^^^^^^^^^^^^^^^^
AttributeError: 'Theme' object has no attribute 'accent_color'. Did you mean: 'text_color'?


============================================================
[2026-03-27 17:27:27]
Traceback (most recent call last):
  File "D:\PYTHONALL\自己随便搞搞\桌面待办\桌面待办2.0\src\ui\note_panel.py", line 572, in _on_content_changed
    self._update_current_btn()
  File "D:\PYTHONALL\自己随便搞搞\桌面待办\桌面待办2.0\src\ui\note_panel.py", line 335, in _update_current_btn
    self.current_btn.setText("▲  新便签")
    ^^^^^^^^^^^^^^^^
AttributeError: 'NotePanel' object has no attribute 'current_btn'. Did you mean: '_current_note'?


============================================================
[2026-03-27 17:27:31]
Traceback (most recent call last):
  File "D:\PYTHONALL\自己随便搞搞\桌面待办\桌面待办2.0\main.py", line 102, in <module>
    main()
  File "D:\PYTHONALL\自己随便搞搞\桌面待办\桌面待办2.0\main.py", line 83, in main
    window = MainWindow()
             ^^^^^^^^^^^^
  File "D:\PYTHONALL\自己随便搞搞\桌面待办\桌面待办2.0\src\ui\main_window.py", line 96, in __init__
    self._apply_theme()
  File "D:\PYTHONALL\自己随便搞搞\桌面待办\桌面待办2.0\src\ui\main_window.py", line 502, in _apply_theme
    qss = build_stylesheet(self.current_theme, self._bg_opacity, self._font_size)
          ^^^^^^^^^^^^^^^^^^^^^^^^^^^^^^^^^^^^^^^^^^^^^^^^^^^^^^^^^^^^^^^^^^^^^^^
  File "D:\PYTHONALL\自己随便搞搞\桌面待办\桌面待办2.0\src\ui\styles\themes.py", line 1006, in build_stylesheet
    background-color: {hex_to_rgba(theme.accent_color, 0.3)};
                                   ^^^^^^^^^^^^^^^^^^
AttributeError: 'Theme' object has no attribute 'accent_color'. Did you mean: 'text_color'?


============================================================
[2026-03-27 17:27:57]
Traceback (most recent call last):
  File "D:\PYTHONALL\自己随便搞搞\桌面待办\桌面待办2.0\src\ui\note_panel.py", line 572, in _on_content_changed
    self._update_current_btn()
  File "D:\PYTHONALL\自己随便搞搞\桌面待办\桌面待办2.0\src\ui\note_panel.py", line 335, in _update_current_btn
    self.current_btn.setText("▲  新便签")
    ^^^^^^^^^^^^^^^^
AttributeError: 'NotePanel' object has no attribute 'current_btn'. Did you mean: '_current_note'?


============================================================
[2026-03-27 17:27:59]
Traceback (most recent call last):
  File "D:\PYTHONALL\自己随便搞搞\桌面待办\桌面待办2.0\main.py", line 102, in <module>
    main()
  File "D:\PYTHONALL\自己随便搞搞\桌面待办\桌面待办2.0\main.py", line 83, in main
    window = MainWindow()
             ^^^^^^^^^^^^
  File "D:\PYTHONALL\自己随便搞搞\桌面待办\桌面待办2.0\src\ui\main_window.py", line 96, in __init__
    self._apply_theme()
  File "D:\PYTHONALL\自己随便搞搞\桌面待办\桌面待办2.0\src\ui\main_window.py", line 502, in _apply_theme
    qss = build_stylesheet(self.current_theme, self._bg_opacity, self._font_size)
          ^^^^^^^^^^^^^^^^^^^^^^^^^^^^^^^^^^^^^^^^^^^^^^^^^^^^^^^^^^^^^^^^^^^^^^^
  File "D:\PYTHONALL\自己随便搞搞\桌面待办\桌面待办2.0\src\ui\styles\themes.py", line 1006, in build_stylesheet
    background-color: {hex_to_rgba(theme.accent_color, 0.3)};
                                   ^^^^^^^^^^^^^^^^^^
AttributeError: 'Theme' object has no attribute 'accent_color'. Did you mean: 'text_color'?


============================================================
[2026-03-27 17:28:08]
Traceback (most recent call last):
  File "D:\PYTHONALL\自己随便搞搞\桌面待办\桌面待办2.0\src\ui\note_panel.py", line 572, in _on_content_changed
    self._update_current_btn()
  File "D:\PYTHONALL\自己随便搞搞\桌面待办\桌面待办2.0\src\ui\note_panel.py", line 335, in _update_current_btn
    self.current_btn.setText("▲  新便签")
    ^^^^^^^^^^^^^^^^
AttributeError: 'NotePanel' object has no attribute 'current_btn'. Did you mean: '_current_note'?


============================================================
[2026-03-27 17:28:12]
Traceback (most recent call last):
  File "D:\PYTHONALL\自己随便搞搞\桌面待办\桌面待办2.0\main.py", line 102, in <module>
    main()
  File "D:\PYTHONALL\自己随便搞搞\桌面待办\桌面待办2.0\main.py", line 83, in main
    window = MainWindow()
             ^^^^^^^^^^^^
  File "D:\PYTHONALL\自己随便搞搞\桌面待办\桌面待办2.0\src\ui\main_window.py", line 96, in __init__
    self._apply_theme()
  File "D:\PYTHONALL\自己随便搞搞\桌面待办\桌面待办2.0\src\ui\main_window.py", line 502, in _apply_theme
    qss = build_stylesheet(self.current_theme, self._bg_opacity, self._font_size)
          ^^^^^^^^^^^^^^^^^^^^^^^^^^^^^^^^^^^^^^^^^^^^^^^^^^^^^^^^^^^^^^^^^^^^^^^
  File "D:\PYTHONALL\自己随便搞搞\桌面待办\桌面待办2.0\src\ui\styles\themes.py", line 1006, in build_stylesheet
    background-color: {hex_to_rgba(theme.accent_color, 0.3)};
                                   ^^^^^^^^^^^^^^^^^^
AttributeError: 'Theme' object has no attribute 'accent_color'. Did you mean: 'text_color'?


============================================================
[2026-03-27 17:28:55]
Traceback (most recent call last):
  File "D:\PYTHONALL\自己随便搞搞\桌面待办\桌面待办2.0\src\ui\note_panel.py", line 515, in _on_content_changed
    self._update_current_btn()
  File "D:\PYTHONALL\自己随便搞搞\桌面待办\桌面待办2.0\src\ui\note_panel.py", line 285, in _update_current_btn
    self.current_btn.setText("▲  新便签")
    ^^^^^^^^^^^^^^^^
AttributeError: 'NotePanel' object has no attribute 'current_btn'. Did you mean: '_current_note'?


============================================================
[2026-03-27 17:36:54]
Traceback (most recent call last):
  File "D:\PYTHONALL\自己随便搞搞\桌面待办\桌面待办2.0\src\ui\note_panel.py", line 554, in _on_content_changed
    self._update_current_btn()
  File "D:\PYTHONALL\自己随便搞搞\桌面待办\桌面待办2.0\src\ui\note_panel.py", line 324, in _update_current_btn
    self.current_btn.setText("▲  新便签")
    ^^^^^^^^^^^^^^^^
AttributeError: 'NotePanel' object has no attribute 'current_btn'. Did you mean: '_current_note'?


============================================================
[2026-03-27 17:41:57]
Traceback (most recent call last):
  File "D:\PYTHONALL\自己随便搞搞\桌面待办\桌面待办2.0\src\ui\main_window.py", line 1483, in eventFilter
    def eventFilter(self, obj, event):
    
KeyboardInterrupt


============================================================
[2026-03-27 18:36:39]
Traceback (most recent call last):
  File "D:\PYTHONALL\自己随便搞搞\桌面待办\桌面待办2.0\src\ui\note_panel.py", line 554, in _on_content_changed
    self._update_current_btn()
  File "D:\PYTHONALL\自己随便搞搞\桌面待办\桌面待办2.0\src\ui\note_panel.py", line 324, in _update_current_btn
    self.current_btn.setText("▲  新便签")
    ^^^^^^^^^^^^^^^^
AttributeError: 'NotePanel' object has no attribute 'current_btn'. Did you mean: '_current_note'?


============================================================
[2026-03-27 18:38:08]
Traceback (most recent call last):
  File "D:\PYTHONALL\自己随便搞搞\桌面待办\桌面待办2.0\src\ui\note_panel.py", line 554, in _on_content_changed
    self._update_current_btn()
  File "D:\PYTHONALL\自己随便搞搞\桌面待办\桌面待办2.0\src\ui\note_panel.py", line 324, in _update_current_btn
    self.current_btn.setText("▲  新便签")
    ^^^^^^^^^^^^^^^^
AttributeError: 'NotePanel' object has no attribute 'current_btn'. Did you mean: '_current_note'?


============================================================
[2026-03-27 19:08:21]
Traceback (most recent call last):
  File "D:\PYTHONALL\自己随便搞搞\桌面待办\桌面待办2.0\src\ui\main_window.py", line 1483, in eventFilter
    def eventFilter(self, obj, event):
    
KeyboardInterrupt


============================================================
[2026-03-31 09:59:56]
Traceback (most recent call last):
  File "D:\PYTHONALL\自己随便搞搞\桌面待办\桌面待办2.0\src\ui\main_window.py", line 1494, in eventFilter
    geo.setTop(geo.bottom() - new_h)
    
KeyboardInterrupt


============================================================
[2026-03-31 14:13:13]
Traceback (most recent call last):
  File "D:\PYTHONALL\自己随便搞搞\桌面待办\桌面待办2.0\src\ui\note_panel.py", line 435, in _toggle_list
    self._refresh_list()
  File "D:\PYTHONALL\自己随便搞搞\桌面待办\桌面待办2.0\src\ui\note_panel.py", line 480, in _refresh_list
    row = self._make_list_row(note)
          ^^^^^^^^^^^^^^^^^^^^^^^^^
  File "D:\PYTHONALL\自己随便搞搞\桌面待办\桌面待办2.0\src\ui\note_panel.py", line 519, in _make_list_row
    del_btn.setIconSize(QPoint(16, 16))
TypeError: setIconSize(self, size: QSize): argument 1 has unexpected type 'QPoint'


============================================================
[2026-03-31 14:52:38]
Traceback (most recent call last):
  File "D:\PYTHONALL\自己随便搞搞\桌面待办\桌面待办2.0\src\ui\main_window.py", line 1503, in eventFilter
    def eventFilter(self, obj, event):
    
KeyboardInterrupt


============================================================
[2026-03-31 22:31:06]
Traceback (most recent call last):
  File "D:\anaconda3\Lib\site-packages\sqlalchemy\engine\base.py", line 1938, in _exec_single_context
    self.dialect.do_executemany(
  File "D:\anaconda3\Lib\site-packages\sqlalchemy\engine\default.py", line 919, in do_executemany
    cursor.executemany(statement, parameters)
sqlite3.IntegrityError: UNIQUE constraint failed: notes.task_id

The above exception was the direct cause of the following exception:

Traceback (most recent call last):
  File "D:\PYTHONALL\自己随便搞搞\桌面待办\桌面待办2.0\src\ui\main_window.py", line 900, in _on_link_existing_note
    if not self.link_service.link(task_id, note_id, replace=replace):
           ^^^^^^^^^^^^^^^^^^^^^^^^^^^^^^^^^^^^^^^^^^^^^^^^^^^^^^^^^
  File "D:\PYTHONALL\自己随便搞搞\桌面待办\桌面待办2.0\src\services\link_service.py", line 73, in link
    return self.bind_note_to_task(task_id, note_id, replace=replace)
           ^^^^^^^^^^^^^^^^^^^^^^^^^^^^^^^^^^^^^^^^^^^^^^^^^^^^^^^^^
  File "D:\PYTHONALL\自己随便搞搞\桌面待办\桌面待办2.0\src\services\link_service.py", line 30, in bind_note_to_task
    self._session.commit()
  File "D:\anaconda3\Lib\site-packages\sqlalchemy\orm\session.py", line 1969, in commit
    trans.commit(_to_root=True)
  File "<string>", line 2, in commit
  File "D:\anaconda3\Lib\site-packages\sqlalchemy\orm\state_changes.py", line 139, in _go
    ret_value = fn(self, *arg, **kw)
                ^^^^^^^^^^^^^^^^^^^^
  File "D:\anaconda3\Lib\site-packages\sqlalchemy\orm\session.py", line 1256, in commit
    self._prepare_impl()
  File "<string>", line 2, in _prepare_impl
  File "D:\anaconda3\Lib\site-packages\sqlalchemy\orm\state_changes.py", line 139, in _go
    ret_value = fn(self, *arg, **kw)
                ^^^^^^^^^^^^^^^^^^^^
  File "D:\anaconda3\Lib\site-packages\sqlalchemy\orm\session.py", line 1231, in _prepare_impl
    self.session.flush()
  File "D:\anaconda3\Lib\site-packages\sqlalchemy\orm\session.py", line 4312, in flush
    self._flush(objects)
  File "D:\anaconda3\Lib\site-packages\sqlalchemy\orm\session.py", line 4447, in _flush
    with util.safe_reraise():
         ^^^^^^^^^^^^^^^^^^^
  File "D:\anaconda3\Lib\site-packages\sqlalchemy\util\langhelpers.py", line 146, in __exit__
    raise exc_value.with_traceback(exc_tb)
  File "D:\anaconda3\Lib\site-packages\sqlalchemy\orm\session.py", line 4408, in _flush
    flush_context.execute()
  File "D:\anaconda3\Lib\site-packages\sqlalchemy\orm\unitofwork.py", line 466, in execute
    rec.execute(self)
  File "D:\anaconda3\Lib\site-packages\sqlalchemy\orm\unitofwork.py", line 642, in execute
    util.preloaded.orm_persistence.save_obj(
  File "D:\anaconda3\Lib\site-packages\sqlalchemy\orm\persistence.py", line 85, in save_obj
    _emit_update_statements(
  File "D:\anaconda3\Lib\site-packages\sqlalchemy\orm\persistence.py", line 910, in _emit_update_statements
    c = connection.execute(
        ^^^^^^^^^^^^^^^^^^^
  File "D:\anaconda3\Lib\site-packages\sqlalchemy\engine\base.py", line 1416, in execute
    return meth(
           ^^^^^
  File "D:\anaconda3\Lib\site-packages\sqlalchemy\sql\elements.py", line 517, in _execute_on_connection
    return connection._execute_clauseelement(
           ^^^^^^^^^^^^^^^^^^^^^^^^^^^^^^^^^^
  File "D:\anaconda3\Lib\site-packages\sqlalchemy\engine\base.py", line 1639, in _execute_clauseelement
    ret = self._execute_context(
          ^^^^^^^^^^^^^^^^^^^^^^
  File "D:\anaconda3\Lib\site-packages\sqlalchemy\engine\base.py", line 1848, in _execute_context
    return self._exec_single_context(
           ^^^^^^^^^^^^^^^^^^^^^^^^^^
  File "D:\anaconda3\Lib\site-packages\sqlalchemy\engine\base.py", line 1988, in _exec_single_context
    self._handle_dbapi_exception(
  File "D:\anaconda3\Lib\site-packages\sqlalchemy\engine\base.py", line 2344, in _handle_dbapi_exception
    raise sqlalchemy_exception.with_traceback(exc_info[2]) from e
  File "D:\anaconda3\Lib\site-packages\sqlalchemy\engine\base.py", line 1938, in _exec_single_context
    self.dialect.do_executemany(
  File "D:\anaconda3\Lib\site-packages\sqlalchemy\engine\default.py", line 919, in do_executemany
    cursor.executemany(statement, parameters)
sqlalchemy.exc.IntegrityError: (sqlite3.IntegrityError) UNIQUE constraint failed: notes.task_id
[SQL: UPDATE notes SET updated_at=?, task_id=? WHERE notes.id = ?]
[parameters: [('2026-03-31 14:31:06.006035', 41, 45), ('2026-03-31 14:31:06.006035', None, 47)]]
(Background on this error at: https://sqlalche.me/e/20/gkpj)


============================================================
[2026-03-31 22:31:42]
Traceback (most recent call last):
  File "D:\PYTHONALL\自己随便搞搞\桌面待办\桌面待办2.0\src\ui\task_item.py", line 702, in <lambda>
    lambda: self.link_existing_note_requested.emit(self.task.id)
                                                   ^^^^^^^^^^^^
  File "D:\anaconda3\Lib\site-packages\sqlalchemy\orm\attributes.py", line 566, in __get__
    return self.impl.get(state, dict_)  # type: ignore[no-any-return]
           ^^^^^^^^^^^^^^^^^^^^^^^^^^^
  File "D:\anaconda3\Lib\site-packages\sqlalchemy\orm\attributes.py", line 1086, in get
    value = self._fire_loader_callables(state, key, passive)
            ^^^^^^^^^^^^^^^^^^^^^^^^^^^^^^^^^^^^^^^^^^^^^^^^
  File "D:\anaconda3\Lib\site-packages\sqlalchemy\orm\attributes.py", line 1116, in _fire_loader_callables
    return state._load_expired(state, passive)
           ^^^^^^^^^^^^^^^^^^^^^^^^^^^^^^^^^^^
  File "D:\anaconda3\Lib\site-packages\sqlalchemy\orm\state.py", line 798, in _load_expired
    self.manager.expired_attribute_loader(self, toload, passive)
  File "D:\anaconda3\Lib\site-packages\sqlalchemy\orm\loading.py", line 1651, in load_scalar_attributes
    result = load_on_ident(
             ^^^^^^^^^^^^^^
  File "D:\anaconda3\Lib\site-packages\sqlalchemy\orm\loading.py", line 507, in load_on_ident
    return load_on_pk_identity(
           ^^^^^^^^^^^^^^^^^^^^
  File "D:\anaconda3\Lib\site-packages\sqlalchemy\orm\loading.py", line 692, in load_on_pk_identity
    session.execute(
  File "D:\anaconda3\Lib\site-packages\sqlalchemy\orm\session.py", line 2308, in execute
    return self._execute_internal(
           ^^^^^^^^^^^^^^^^^^^^^^^
  File "D:\anaconda3\Lib\site-packages\sqlalchemy\orm\session.py", line 2180, in _execute_internal
    conn = self._connection_for_bind(bind)
           ^^^^^^^^^^^^^^^^^^^^^^^^^^^^^^^
  File "D:\anaconda3\Lib\site-packages\sqlalchemy\orm\session.py", line 2047, in _connection_for_bind
    return trans._connection_for_bind(engine, execution_options)
           ^^^^^^^^^^^^^^^^^^^^^^^^^^^^^^^^^^^^^^^^^^^^^^^^^^^^^
  File "<string>", line 2, in _connection_for_bind
  File "D:\anaconda3\Lib\site-packages\sqlalchemy\orm\state_changes.py", line 103, in _go
    self._raise_for_prerequisite_state(fn.__name__, current_state)
  File "D:\anaconda3\Lib\site-packages\sqlalchemy\orm\session.py", line 929, in _raise_for_prerequisite_state
    raise sa_exc.PendingRollbackError(
sqlalchemy.exc.PendingRollbackError: This Session's transaction has been rolled back due to a previous exception during flush. To begin a new transaction with this Session, first issue Session.rollback(). Original exception was: (sqlite3.IntegrityError) UNIQUE constraint failed: notes.task_id
[SQL: UPDATE notes SET updated_at=?, task_id=? WHERE notes.id = ?]
[parameters: [('2026-03-31 14:31:06.006035', 41, 45), ('2026-03-31 14:31:06.006035', None, 47)]]
(Background on this error at: https://sqlalche.me/e/20/gkpj) (Background on this error at: https://sqlalche.me/e/20/7s2a)


============================================================
[2026-03-31 22:31:46]
Traceback (most recent call last):
  File "D:\PYTHONALL\自己随便搞搞\桌面待办\桌面待办2.0\src\ui\task_item.py", line 697, in <lambda>
    lambda: self.create_linked_note_requested.emit(self.task.id)
                                                   ^^^^^^^^^^^^
  File "D:\anaconda3\Lib\site-packages\sqlalchemy\orm\attributes.py", line 566, in __get__
    return self.impl.get(state, dict_)  # type: ignore[no-any-return]
           ^^^^^^^^^^^^^^^^^^^^^^^^^^^
  File "D:\anaconda3\Lib\site-packages\sqlalchemy\orm\attributes.py", line 1086, in get
    value = self._fire_loader_callables(state, key, passive)
            ^^^^^^^^^^^^^^^^^^^^^^^^^^^^^^^^^^^^^^^^^^^^^^^^
  File "D:\anaconda3\Lib\site-packages\sqlalchemy\orm\attributes.py", line 1116, in _fire_loader_callables
    return state._load_expired(state, passive)
           ^^^^^^^^^^^^^^^^^^^^^^^^^^^^^^^^^^^
  File "D:\anaconda3\Lib\site-packages\sqlalchemy\orm\state.py", line 798, in _load_expired
    self.manager.expired_attribute_loader(self, toload, passive)
  File "D:\anaconda3\Lib\site-packages\sqlalchemy\orm\loading.py", line 1651, in load_scalar_attributes
    result = load_on_ident(
             ^^^^^^^^^^^^^^
  File "D:\anaconda3\Lib\site-packages\sqlalchemy\orm\loading.py", line 507, in load_on_ident
    return load_on_pk_identity(
           ^^^^^^^^^^^^^^^^^^^^
  File "D:\anaconda3\Lib\site-packages\sqlalchemy\orm\loading.py", line 692, in load_on_pk_identity
    session.execute(
  File "D:\anaconda3\Lib\site-packages\sqlalchemy\orm\session.py", line 2308, in execute
    return self._execute_internal(
           ^^^^^^^^^^^^^^^^^^^^^^^
  File "D:\anaconda3\Lib\site-packages\sqlalchemy\orm\session.py", line 2180, in _execute_internal
    conn = self._connection_for_bind(bind)
           ^^^^^^^^^^^^^^^^^^^^^^^^^^^^^^^
  File "D:\anaconda3\Lib\site-packages\sqlalchemy\orm\session.py", line 2047, in _connection_for_bind
    return trans._connection_for_bind(engine, execution_options)
           ^^^^^^^^^^^^^^^^^^^^^^^^^^^^^^^^^^^^^^^^^^^^^^^^^^^^^
  File "<string>", line 2, in _connection_for_bind
  File "D:\anaconda3\Lib\site-packages\sqlalchemy\orm\state_changes.py", line 103, in _go
    self._raise_for_prerequisite_state(fn.__name__, current_state)
  File "D:\anaconda3\Lib\site-packages\sqlalchemy\orm\session.py", line 929, in _raise_for_prerequisite_state
    raise sa_exc.PendingRollbackError(
sqlalchemy.exc.PendingRollbackError: This Session's transaction has been rolled back due to a previous exception during flush. To begin a new transaction with this Session, first issue Session.rollback(). Original exception was: (sqlite3.IntegrityError) UNIQUE constraint failed: notes.task_id
[SQL: UPDATE notes SET updated_at=?, task_id=? WHERE notes.id = ?]
[parameters: [('2026-03-31 14:31:06.006035', 41, 45), ('2026-03-31 14:31:06.006035', None, 47)]]
(Background on this error at: https://sqlalche.me/e/20/gkpj) (Background on this error at: https://sqlalche.me/e/20/7s2a)


============================================================
[2026-03-31 22:31:58]
Traceback (most recent call last):
  File "D:\PYTHONALL\自己随便搞搞\桌面待办\桌面待办2.0\src\ui\task_item.py", line 702, in <lambda>
    lambda: self.link_existing_note_requested.emit(self.task.id)
                                                   ^^^^^^^^^^^^
  File "D:\anaconda3\Lib\site-packages\sqlalchemy\orm\attributes.py", line 566, in __get__
    return self.impl.get(state, dict_)  # type: ignore[no-any-return]
           ^^^^^^^^^^^^^^^^^^^^^^^^^^^
  File "D:\anaconda3\Lib\site-packages\sqlalchemy\orm\attributes.py", line 1086, in get
    value = self._fire_loader_callables(state, key, passive)
            ^^^^^^^^^^^^^^^^^^^^^^^^^^^^^^^^^^^^^^^^^^^^^^^^
  File "D:\anaconda3\Lib\site-packages\sqlalchemy\orm\attributes.py", line 1116, in _fire_loader_callables
    return state._load_expired(state, passive)
           ^^^^^^^^^^^^^^^^^^^^^^^^^^^^^^^^^^^
  File "D:\anaconda3\Lib\site-packages\sqlalchemy\orm\state.py", line 798, in _load_expired
    self.manager.expired_attribute_loader(self, toload, passive)
  File "D:\anaconda3\Lib\site-packages\sqlalchemy\orm\loading.py", line 1651, in load_scalar_attributes
    result = load_on_ident(
             ^^^^^^^^^^^^^^
  File "D:\anaconda3\Lib\site-packages\sqlalchemy\orm\loading.py", line 507, in load_on_ident
    return load_on_pk_identity(
           ^^^^^^^^^^^^^^^^^^^^
  File "D:\anaconda3\Lib\site-packages\sqlalchemy\orm\loading.py", line 692, in load_on_pk_identity
    session.execute(
  File "D:\anaconda3\Lib\site-packages\sqlalchemy\orm\session.py", line 2308, in execute
    return self._execute_internal(
           ^^^^^^^^^^^^^^^^^^^^^^^
  File "D:\anaconda3\Lib\site-packages\sqlalchemy\orm\session.py", line 2180, in _execute_internal
    conn = self._connection_for_bind(bind)
           ^^^^^^^^^^^^^^^^^^^^^^^^^^^^^^^
  File "D:\anaconda3\Lib\site-packages\sqlalchemy\orm\session.py", line 2047, in _connection_for_bind
    return trans._connection_for_bind(engine, execution_options)
           ^^^^^^^^^^^^^^^^^^^^^^^^^^^^^^^^^^^^^^^^^^^^^^^^^^^^^
  File "<string>", line 2, in _connection_for_bind
  File "D:\anaconda3\Lib\site-packages\sqlalchemy\orm\state_changes.py", line 103, in _go
    self._raise_for_prerequisite_state(fn.__name__, current_state)
  File "D:\anaconda3\Lib\site-packages\sqlalchemy\orm\session.py", line 929, in _raise_for_prerequisite_state
    raise sa_exc.PendingRollbackError(
sqlalchemy.exc.PendingRollbackError: This Session's transaction has been rolled back due to a previous exception during flush. To begin a new transaction with this Session, first issue Session.rollback(). Original exception was: (sqlite3.IntegrityError) UNIQUE constraint failed: notes.task_id
[SQL: UPDATE notes SET updated_at=?, task_id=? WHERE notes.id = ?]
[parameters: [('2026-03-31 14:31:06.006035', 41, 45), ('2026-03-31 14:31:06.006035', None, 47)]]
(Background on this error at: https://sqlalche.me/e/20/gkpj) (Background on this error at: https://sqlalche.me/e/20/7s2a)


============================================================
[2026-04-02 22:15:38]
Traceback (most recent call last):
  File "D:\anaconda3\Lib\site-packages\sqlalchemy\engine\base.py", line 1969, in _exec_single_context
    self.dialect.do_execute(
  File "D:\anaconda3\Lib\site-packages\sqlalchemy\engine\default.py", line 922, in do_execute
    cursor.execute(statement, parameters)
sqlite3.IntegrityError: UNIQUE constraint failed: notes.task_id

The above exception was the direct cause of the following exception:

Traceback (most recent call last):
  File "D:\PYTHONALL\自己随便搞搞\桌面待办\桌面待办2.0\main.py", line 124, in <module>
    main()
  File "D:\PYTHONALL\自己随便搞搞\桌面待办\桌面待办2.0\main.py", line 101, in main
    window = MainWindow()
             ^^^^^^^^^^^^
  File "D:\PYTHONALL\自己随便搞搞\桌面待办\桌面待办2.0\src\ui\main_window.py", line 70, in __init__
    init_db()
  File "D:\PYTHONALL\自己随便搞搞\桌面待办\桌面待办2.0\src\models\database.py", line 39, in init_db
    _migrate(engine)
  File "D:\PYTHONALL\自己随便搞搞\桌面待办\桌面待办2.0\src\models\database.py", line 77, in _migrate
    _migrate_task_note_links_to_one_to_one(engine)
  File "D:\PYTHONALL\自己随便搞搞\桌面待办\桌面待办2.0\src\models\database.py", line 134, in _migrate_task_note_links_to_one_to_one
    conn.execute(text(
  File "D:\anaconda3\Lib\site-packages\sqlalchemy\engine\base.py", line 1416, in execute
    return meth(
           ^^^^^
  File "D:\anaconda3\Lib\site-packages\sqlalchemy\sql\elements.py", line 517, in _execute_on_connection
    return connection._execute_clauseelement(
           ^^^^^^^^^^^^^^^^^^^^^^^^^^^^^^^^^^
  File "D:\anaconda3\Lib\site-packages\sqlalchemy\engine\base.py", line 1639, in _execute_clauseelement
    ret = self._execute_context(
          ^^^^^^^^^^^^^^^^^^^^^^
  File "D:\anaconda3\Lib\site-packages\sqlalchemy\engine\base.py", line 1848, in _execute_context
    return self._exec_single_context(
           ^^^^^^^^^^^^^^^^^^^^^^^^^^
  File "D:\anaconda3\Lib\site-packages\sqlalchemy\engine\base.py", line 1988, in _exec_single_context
    self._handle_dbapi_exception(
  File "D:\anaconda3\Lib\site-packages\sqlalchemy\engine\base.py", line 2344, in _handle_dbapi_exception
    raise sqlalchemy_exception.with_traceback(exc_info[2]) from e
  File "D:\anaconda3\Lib\site-packages\sqlalchemy\engine\base.py", line 1969, in _exec_single_context
    self.dialect.do_execute(
  File "D:\anaconda3\Lib\site-packages\sqlalchemy\engine\default.py", line 922, in do_execute
    cursor.execute(statement, parameters)
sqlalchemy.exc.IntegrityError: (sqlite3.IntegrityError) UNIQUE constraint failed: notes.task_id
[SQL: UPDATE notes SET task_id = ? WHERE id = ?]
[parameters: (60, 46)]
(Background on this error at: https://sqlalche.me/e/20/gkpj)


============================================================
[2026-04-02 22:15:58]
Traceback (most recent call last):
  File "D:\anaconda3\Lib\site-packages\sqlalchemy\engine\base.py", line 1969, in _exec_single_context
    self.dialect.do_execute(
  File "D:\anaconda3\Lib\site-packages\sqlalchemy\engine\default.py", line 922, in do_execute
    cursor.execute(statement, parameters)
sqlite3.IntegrityError: UNIQUE constraint failed: notes.task_id

The above exception was the direct cause of the following exception:

Traceback (most recent call last):
  File "D:\PYTHONALL\自己随便搞搞\桌面待办\桌面待办2.0\main.py", line 124, in <module>
    main()
  File "D:\PYTHONALL\自己随便搞搞\桌面待办\桌面待办2.0\main.py", line 101, in main
    window = MainWindow()
             ^^^^^^^^^^^^
  File "D:\PYTHONALL\自己随便搞搞\桌面待办\桌面待办2.0\src\ui\main_window.py", line 70, in __init__
    init_db()
  File "D:\PYTHONALL\自己随便搞搞\桌面待办\桌面待办2.0\src\models\database.py", line 39, in init_db
    _migrate(engine)
  File "D:\PYTHONALL\自己随便搞搞\桌面待办\桌面待办2.0\src\models\database.py", line 77, in _migrate
    _migrate_task_note_links_to_one_to_one(engine)
  File "D:\PYTHONALL\自己随便搞搞\桌面待办\桌面待办2.0\src\models\database.py", line 134, in _migrate_task_note_links_to_one_to_one
    conn.execute(text(
  File "D:\anaconda3\Lib\site-packages\sqlalchemy\engine\base.py", line 1416, in execute
    return meth(
           ^^^^^
  File "D:\anaconda3\Lib\site-packages\sqlalchemy\sql\elements.py", line 517, in _execute_on_connection
    return connection._execute_clauseelement(
           ^^^^^^^^^^^^^^^^^^^^^^^^^^^^^^^^^^
  File "D:\anaconda3\Lib\site-packages\sqlalchemy\engine\base.py", line 1639, in _execute_clauseelement
    ret = self._execute_context(
          ^^^^^^^^^^^^^^^^^^^^^^
  File "D:\anaconda3\Lib\site-packages\sqlalchemy\engine\base.py", line 1848, in _execute_context
    return self._exec_single_context(
           ^^^^^^^^^^^^^^^^^^^^^^^^^^
  File "D:\anaconda3\Lib\site-packages\sqlalchemy\engine\base.py", line 1988, in _exec_single_context
    self._handle_dbapi_exception(
  File "D:\anaconda3\Lib\site-packages\sqlalchemy\engine\base.py", line 2344, in _handle_dbapi_exception
    raise sqlalchemy_exception.with_traceback(exc_info[2]) from e
  File "D:\anaconda3\Lib\site-packages\sqlalchemy\engine\base.py", line 1969, in _exec_single_context
    self.dialect.do_execute(
  File "D:\anaconda3\Lib\site-packages\sqlalchemy\engine\default.py", line 922, in do_execute
    cursor.execute(statement, parameters)
sqlalchemy.exc.IntegrityError: (sqlite3.IntegrityError) UNIQUE constraint failed: notes.task_id
[SQL: UPDATE notes SET task_id = ? WHERE id = ?]
[parameters: (60, 46)]
(Background on this error at: https://sqlalche.me/e/20/gkpj)


============================================================
[2026-04-02 22:29:08]
Traceback (most recent call last):
  File "D:\anaconda3\Lib\site-packages\sqlalchemy\engine\base.py", line 1969, in _exec_single_context
    self.dialect.do_execute(
  File "D:\anaconda3\Lib\site-packages\sqlalchemy\engine\default.py", line 922, in do_execute
    cursor.execute(statement, parameters)
sqlite3.IntegrityError: UNIQUE constraint failed: notes.task_id

The above exception was the direct cause of the following exception:

Traceback (most recent call last):
  File "D:\PYTHONALL\自己随便搞搞\桌面待办\桌面待办2.0\main.py", line 124, in <module>
    main()
  File "D:\PYTHONALL\自己随便搞搞\桌面待办\桌面待办2.0\main.py", line 101, in main
    window = MainWindow()
             ^^^^^^^^^^^^
  File "D:\PYTHONALL\自己随便搞搞\桌面待办\桌面待办2.0\src\ui\main_window.py", line 70, in __init__
    init_db()
  File "D:\PYTHONALL\自己随便搞搞\桌面待办\桌面待办2.0\src\models\database.py", line 39, in init_db
    _migrate(engine)
  File "D:\PYTHONALL\自己随便搞搞\桌面待办\桌面待办2.0\src\models\database.py", line 77, in _migrate
    _migrate_task_note_links_to_one_to_one(engine)
  File "D:\PYTHONALL\自己随便搞搞\桌面待办\桌面待办2.0\src\models\database.py", line 134, in _migrate_task_note_links_to_one_to_one
    conn.execute(text(
  File "D:\anaconda3\Lib\site-packages\sqlalchemy\engine\base.py", line 1416, in execute
    return meth(
           ^^^^^
  File "D:\anaconda3\Lib\site-packages\sqlalchemy\sql\elements.py", line 517, in _execute_on_connection
    return connection._execute_clauseelement(
           ^^^^^^^^^^^^^^^^^^^^^^^^^^^^^^^^^^
  File "D:\anaconda3\Lib\site-packages\sqlalchemy\engine\base.py", line 1639, in _execute_clauseelement
    ret = self._execute_context(
          ^^^^^^^^^^^^^^^^^^^^^^
  File "D:\anaconda3\Lib\site-packages\sqlalchemy\engine\base.py", line 1848, in _execute_context
    return self._exec_single_context(
           ^^^^^^^^^^^^^^^^^^^^^^^^^^
  File "D:\anaconda3\Lib\site-packages\sqlalchemy\engine\base.py", line 1988, in _exec_single_context
    self._handle_dbapi_exception(
  File "D:\anaconda3\Lib\site-packages\sqlalchemy\engine\base.py", line 2344, in _handle_dbapi_exception
    raise sqlalchemy_exception.with_traceback(exc_info[2]) from e
  File "D:\anaconda3\Lib\site-packages\sqlalchemy\engine\base.py", line 1969, in _exec_single_context
    self.dialect.do_execute(
  File "D:\anaconda3\Lib\site-packages\sqlalchemy\engine\default.py", line 922, in do_execute
    cursor.execute(statement, parameters)
sqlalchemy.exc.IntegrityError: (sqlite3.IntegrityError) UNIQUE constraint failed: notes.task_id
[SQL: UPDATE notes SET task_id = ? WHERE id = ?]
[parameters: (60, 46)]
(Background on this error at: https://sqlalche.me/e/20/gkpj)


============================================================
[2026-04-02 22:29:24]
Traceback (most recent call last):
  File "D:\anaconda3\Lib\site-packages\sqlalchemy\engine\base.py", line 1969, in _exec_single_context
    self.dialect.do_execute(
  File "D:\anaconda3\Lib\site-packages\sqlalchemy\engine\default.py", line 922, in do_execute
    cursor.execute(statement, parameters)
sqlite3.IntegrityError: UNIQUE constraint failed: notes.task_id

The above exception was the direct cause of the following exception:

Traceback (most recent call last):
  File "D:\PYTHONALL\自己随便搞搞\桌面待办\桌面待办2.0\main.py", line 124, in <module>
    main()
  File "D:\PYTHONALL\自己随便搞搞\桌面待办\桌面待办2.0\main.py", line 101, in main
    window = MainWindow()
             ^^^^^^^^^^^^
  File "D:\PYTHONALL\自己随便搞搞\桌面待办\桌面待办2.0\src\ui\main_window.py", line 70, in __init__
    init_db()
  File "D:\PYTHONALL\自己随便搞搞\桌面待办\桌面待办2.0\src\models\database.py", line 39, in init_db
    _migrate(engine)
  File "D:\PYTHONALL\自己随便搞搞\桌面待办\桌面待办2.0\src\models\database.py", line 77, in _migrate
    _migrate_task_note_links_to_one_to_one(engine)
  File "D:\PYTHONALL\自己随便搞搞\桌面待办\桌面待办2.0\src\models\database.py", line 134, in _migrate_task_note_links_to_one_to_one
    conn.execute(text(
  File "D:\anaconda3\Lib\site-packages\sqlalchemy\engine\base.py", line 1416, in execute
    return meth(
           ^^^^^
  File "D:\anaconda3\Lib\site-packages\sqlalchemy\sql\elements.py", line 517, in _execute_on_connection
    return connection._execute_clauseelement(
           ^^^^^^^^^^^^^^^^^^^^^^^^^^^^^^^^^^
  File "D:\anaconda3\Lib\site-packages\sqlalchemy\engine\base.py", line 1639, in _execute_clauseelement
    ret = self._execute_context(
          ^^^^^^^^^^^^^^^^^^^^^^
  File "D:\anaconda3\Lib\site-packages\sqlalchemy\engine\base.py", line 1848, in _execute_context
    return self._exec_single_context(
           ^^^^^^^^^^^^^^^^^^^^^^^^^^
  File "D:\anaconda3\Lib\site-packages\sqlalchemy\engine\base.py", line 1988, in _exec_single_context
    self._handle_dbapi_exception(
  File "D:\anaconda3\Lib\site-packages\sqlalchemy\engine\base.py", line 2344, in _handle_dbapi_exception
    raise sqlalchemy_exception.with_traceback(exc_info[2]) from e
  File "D:\anaconda3\Lib\site-packages\sqlalchemy\engine\base.py", line 1969, in _exec_single_context
    self.dialect.do_execute(
  File "D:\anaconda3\Lib\site-packages\sqlalchemy\engine\default.py", line 922, in do_execute
    cursor.execute(statement, parameters)
sqlalchemy.exc.IntegrityError: (sqlite3.IntegrityError) UNIQUE constraint failed: notes.task_id
[SQL: UPDATE notes SET task_id = ? WHERE id = ?]
[parameters: (60, 46)]
(Background on this error at: https://sqlalche.me/e/20/gkpj)


============================================================
[2026-04-02 22:38:17]
Traceback (most recent call last):
  File "D:\anaconda3\Lib\site-packages\sqlalchemy\engine\base.py", line 1969, in _exec_single_context
    self.dialect.do_execute(
  File "D:\anaconda3\Lib\site-packages\sqlalchemy\engine\default.py", line 922, in do_execute
    cursor.execute(statement, parameters)
sqlite3.IntegrityError: UNIQUE constraint failed: notes.task_id

The above exception was the direct cause of the following exception:

Traceback (most recent call last):
  File "D:\PYTHONALL\自己随便搞搞\桌面待办\桌面待办2.0\main.py", line 124, in <module>
    main()
  File "D:\PYTHONALL\自己随便搞搞\桌面待办\桌面待办2.0\main.py", line 101, in main
    window = MainWindow()
             ^^^^^^^^^^^^
  File "D:\PYTHONALL\自己随便搞搞\桌面待办\桌面待办2.0\src\ui\main_window.py", line 70, in __init__
    init_db()
  File "D:\PYTHONALL\自己随便搞搞\桌面待办\桌面待办2.0\src\models\database.py", line 39, in init_db
    _migrate(engine)
  File "D:\PYTHONALL\自己随便搞搞\桌面待办\桌面待办2.0\src\models\database.py", line 77, in _migrate
    _migrate_task_note_links_to_one_to_one(engine)
  File "D:\PYTHONALL\自己随便搞搞\桌面待办\桌面待办2.0\src\models\database.py", line 134, in _migrate_task_note_links_to_one_to_one
    conn.execute(text(
  File "D:\anaconda3\Lib\site-packages\sqlalchemy\engine\base.py", line 1416, in execute
    return meth(
           ^^^^^
  File "D:\anaconda3\Lib\site-packages\sqlalchemy\sql\elements.py", line 517, in _execute_on_connection
    return connection._execute_clauseelement(
           ^^^^^^^^^^^^^^^^^^^^^^^^^^^^^^^^^^
  File "D:\anaconda3\Lib\site-packages\sqlalchemy\engine\base.py", line 1639, in _execute_clauseelement
    ret = self._execute_context(
          ^^^^^^^^^^^^^^^^^^^^^^
  File "D:\anaconda3\Lib\site-packages\sqlalchemy\engine\base.py", line 1848, in _execute_context
    return self._exec_single_context(
           ^^^^^^^^^^^^^^^^^^^^^^^^^^
  File "D:\anaconda3\Lib\site-packages\sqlalchemy\engine\base.py", line 1988, in _exec_single_context
    self._handle_dbapi_exception(
  File "D:\anaconda3\Lib\site-packages\sqlalchemy\engine\base.py", line 2344, in _handle_dbapi_exception
    raise sqlalchemy_exception.with_traceback(exc_info[2]) from e
  File "D:\anaconda3\Lib\site-packages\sqlalchemy\engine\base.py", line 1969, in _exec_single_context
    self.dialect.do_execute(
  File "D:\anaconda3\Lib\site-packages\sqlalchemy\engine\default.py", line 922, in do_execute
    cursor.execute(statement, parameters)
sqlalchemy.exc.IntegrityError: (sqlite3.IntegrityError) UNIQUE constraint failed: notes.task_id
[SQL: UPDATE notes SET task_id = ? WHERE id = ?]
[parameters: (60, 46)]
(Background on this error at: https://sqlalche.me/e/20/gkpj)


============================================================
[2026-04-02 22:38:36]
Traceback (most recent call last):
  File "D:\anaconda3\Lib\site-packages\sqlalchemy\engine\base.py", line 1969, in _exec_single_context
    self.dialect.do_execute(
  File "D:\anaconda3\Lib\site-packages\sqlalchemy\engine\default.py", line 922, in do_execute
    cursor.execute(statement, parameters)
sqlite3.IntegrityError: UNIQUE constraint failed: notes.task_id

The above exception was the direct cause of the following exception:

Traceback (most recent call last):
  File "D:\PYTHONALL\自己随便搞搞\桌面待办\桌面待办2.0\main.py", line 124, in <module>
    main()
  File "D:\PYTHONALL\自己随便搞搞\桌面待办\桌面待办2.0\main.py", line 101, in main
    window = MainWindow()
             ^^^^^^^^^^^^
  File "D:\PYTHONALL\自己随便搞搞\桌面待办\桌面待办2.0\src\ui\main_window.py", line 70, in __init__
    init_db()
  File "D:\PYTHONALL\自己随便搞搞\桌面待办\桌面待办2.0\src\models\database.py", line 39, in init_db
    _migrate(engine)
  File "D:\PYTHONALL\自己随便搞搞\桌面待办\桌面待办2.0\src\models\database.py", line 77, in _migrate
    _migrate_task_note_links_to_one_to_one(engine)
  File "D:\PYTHONALL\自己随便搞搞\桌面待办\桌面待办2.0\src\models\database.py", line 134, in _migrate_task_note_links_to_one_to_one
    conn.execute(text(
  File "D:\anaconda3\Lib\site-packages\sqlalchemy\engine\base.py", line 1416, in execute
    return meth(
           ^^^^^
  File "D:\anaconda3\Lib\site-packages\sqlalchemy\sql\elements.py", line 517, in _execute_on_connection
    return connection._execute_clauseelement(
           ^^^^^^^^^^^^^^^^^^^^^^^^^^^^^^^^^^
  File "D:\anaconda3\Lib\site-packages\sqlalchemy\engine\base.py", line 1639, in _execute_clauseelement
    ret = self._execute_context(
          ^^^^^^^^^^^^^^^^^^^^^^
  File "D:\anaconda3\Lib\site-packages\sqlalchemy\engine\base.py", line 1848, in _execute_context
    return self._exec_single_context(
           ^^^^^^^^^^^^^^^^^^^^^^^^^^
  File "D:\anaconda3\Lib\site-packages\sqlalchemy\engine\base.py", line 1988, in _exec_single_context
    self._handle_dbapi_exception(
  File "D:\anaconda3\Lib\site-packages\sqlalchemy\engine\base.py", line 2344, in _handle_dbapi_exception
    raise sqlalchemy_exception.with_traceback(exc_info[2]) from e
  File "D:\anaconda3\Lib\site-packages\sqlalchemy\engine\base.py", line 1969, in _exec_single_context
    self.dialect.do_execute(
  File "D:\anaconda3\Lib\site-packages\sqlalchemy\engine\default.py", line 922, in do_execute
    cursor.execute(statement, parameters)
sqlalchemy.exc.IntegrityError: (sqlite3.IntegrityError) UNIQUE constraint failed: notes.task_id
[SQL: UPDATE notes SET task_id = ? WHERE id = ?]
[parameters: (60, 46)]
(Background on this error at: https://sqlalche.me/e/20/gkpj)


============================================================
[2026-04-02 22:46:17]
Traceback (most recent call last):
  File "D:\PYTHONALL\自己随便搞搞\桌面待办\桌面待办2.0\src\ui\main_window.py", line 972, in _on_note_linked
    self.note_panel.refresh()
    ^^^^^^^^^^^^^^^^^^^^^^^
AttributeError: 'NotePanel' object has no attribute 'refresh'


============================================================
[2026-04-02 22:47:15]
Traceback (most recent call last):
  File "D:\PYTHONALL\自己随便搞搞\桌面待办\桌面待办2.0\src\ui\main_window.py", line 951, in _on_note_unlinked
    self.note_panel.refresh()
    ^^^^^^^^^^^^^^^^^^^^^^^
AttributeError: 'NotePanel' object has no attribute 'refresh'


============================================================
[2026-04-02 22:48:00]
Traceback (most recent call last):
  File "D:\PYTHONALL\自己随便搞搞\桌面待办\桌面待办2.0\src\ui\main_window.py", line 972, in _on_note_linked
    self.note_panel.refresh()
    ^^^^^^^^^^^^^^^^^^^^^^^
AttributeError: 'NotePanel' object has no attribute 'refresh'


============================================================
[2026-04-02 22:48:09]
Traceback (most recent call last):
  File "D:\PYTHONALL\自己随便搞搞\桌面待办\桌面待办2.0\src\ui\main_window.py", line 972, in _on_note_linked
    self.note_panel.refresh()
    ^^^^^^^^^^^^^^^^^^^^^^^
AttributeError: 'NotePanel' object has no attribute 'refresh'


============================================================
[2026-04-02 22:49:01]
Traceback (most recent call last):
  File "D:\PYTHONALL\自己随便搞搞\桌面待办\桌面待办2.0\src\ui\main_window.py", line 972, in _on_note_linked
    self.note_panel.refresh()
    ^^^^^^^^^^^^^^^^^^^^^^^
AttributeError: 'NotePanel' object has no attribute 'refresh'


============================================================
[2026-04-02 22:49:10]
Traceback (most recent call last):
  File "D:\PYTHONALL\自己随便搞搞\桌面待办\桌面待办2.0\src\ui\main_window.py", line 951, in _on_note_unlinked
    self.note_panel.refresh()
    ^^^^^^^^^^^^^^^^^^^^^^^
AttributeError: 'NotePanel' object has no attribute 'refresh'


============================================================
[2026-04-02 22:50:15]
Traceback (most recent call last):
  File "D:\PYTHONALL\自己随便搞搞\桌面待办\桌面待办2.0\src\ui\main_window.py", line 972, in _on_note_linked
    self.note_panel.refresh()
    ^^^^^^^^^^^^^^^^^^^^^^^
AttributeError: 'NotePanel' object has no attribute 'refresh'

